<?xml version="1.0" encoding="UTF-8"?>
<!-- Generated by org.testng.reporters.JUnitReportReporter -->
<testsuite skipped="0" hostname="EEEPC0423" name="com.TestNG.SampleTest" tests="3" failures="0" timestamp="2020-08-10T20:23:27 IST" time="0.073" errors="0">
  <testcase name="testcase2" time="0.005" classname="com.TestNG.SampleTest"/>
  <system-out/>
  <testcase name="testcase1" time="0.008" classname="com.TestNG.SampleTest"/>
  <system-out/>
  <testcase name="testcase3" time="0.060" classname="com.TestNG.SampleTest"/>
  <system-out/>
</testsuite> <!-- com.TestNG.SampleTest -->
