<?xml version="1.0" encoding="UTF-8"?>
<!-- Generated by org.testng.reporters.JUnitReportReporter -->
<testsuite skipped="0" hostname="EEEPC0423" name="com.TestNG.ParallelExecution" tests="3" failures="0" timestamp="2020-08-10T20:32:14 IST" time="0.017" errors="0">
  <testcase name="testcase2" time="0.004" classname="com.TestNG.ParallelExecution"/>
  <system-out/>
  <testcase name="testcase3" time="0.004" classname="com.TestNG.ParallelExecution"/>
  <system-out/>
  <testcase name="testcase1" time="0.009" classname="com.TestNG.ParallelExecution"/>
  <system-out/>
</testsuite> <!-- com.TestNG.ParallelExecution -->
