<?xml version="1.0" encoding="UTF-8"?>
<!-- Generated by org.testng.reporters.JUnitReportReporter -->
<testsuite skipped="0" hostname="EEEPC0423" name="com.TestNG.ParallelExecution1" tests="3" failures="0" timestamp="2020-08-10T20:32:14 IST" time="0.015" errors="0">
  <testcase name="testcase6" time="0.002" classname="com.TestNG.ParallelExecution1"/>
  <system-out/>
  <testcase name="testcase5" time="0.004" classname="com.TestNG.ParallelExecution1"/>
  <system-out/>
  <testcase name="testcase4" time="0.009" classname="com.TestNG.ParallelExecution1"/>
  <system-out/>
</testsuite> <!-- com.TestNG.ParallelExecution1 -->
