<?xml version="1.0" encoding="UTF-8"?>
<!-- Generated by org.testng.reporters.JUnitReportReporter -->
<testsuite skipped="0" hostname="EEEPC0423" name="seleniumAdvanced.ExcelLogin" tests="1" failures="0" timestamp="2020-08-12T20:57:05 IST" time="91.081" errors="0">
  <testcase name="login" time="91.081" classname="seleniumAdvanced.ExcelLogin"/>
  <system-out/>
</testsuite> <!-- seleniumAdvanced.ExcelLogin -->
