<?xml version="1.0" encoding="UTF-8"?>
<!-- Generated by org.testng.reporters.JUnitReportReporter -->
<testsuite skipped="0" hostname="EEEPC0423" name="com.TestNG.PriorityTestCases" tests="3" failures="0" timestamp="2020-08-10T20:27:59 IST" time="0.018" errors="0">
  <testcase name="testcase3" time="0.002" classname="com.TestNG.PriorityTestCases"/>
  <system-out/>
  <testcase name="testcase2" time="0.014" classname="com.TestNG.PriorityTestCases"/>
  <system-out/>
  <testcase name="testcase1" time="0.002" classname="com.TestNG.PriorityTestCases"/>
  <system-out/>
</testsuite> <!-- com.TestNG.PriorityTestCases -->
